[15:38:59] [main/INFO]: Environment: authHost='https://authserver.mojang.com', accountsHost='https://api.mojang.com', sessionHost='https://sessionserver.mojang.com', servicesHost='https://api.minecraftservices.com', name='PROD'
[15:38:59] [main/WARN]: Ambiguity between arguments [teleport, destination] and [teleport, targets] with inputs: [Player, 0123, @e, dd12be42-52a9-4a91-a8a1-11c01849e498]
[15:38:59] [main/WARN]: Ambiguity between arguments [teleport, location] and [teleport, destination] with inputs: [0.1 -0.5 .9, 0 0 0]
[15:38:59] [main/WARN]: Ambiguity between arguments [teleport, location] and [teleport, targets] with inputs: [0.1 -0.5 .9, 0 0 0]
[15:38:59] [main/WARN]: Ambiguity between arguments [teleport, targets] and [teleport, destination] with inputs: [Player, 0123, dd12be42-52a9-4a91-a8a1-11c01849e498]
[15:38:59] [main/WARN]: Ambiguity between arguments [teleport, targets, location] and [teleport, targets, destination] with inputs: [0.1 -0.5 .9, 0 0 0]
[15:38:59] [main/INFO]: Reloading ResourceManager: Default
[15:39:00] [Worker-Main-12/INFO]: Loaded 7 recipes
[15:39:00] [Worker-Main-12/INFO]: Loaded 927 advancements
[15:39:01] [Server thread/INFO]: Starting minecraft server version 1.16.4
[15:39:01] [Server thread/INFO]: Loading properties
[15:39:01] [Server thread/INFO]: Default game type: SURVIVAL
[15:39:01] [Server thread/INFO]: Generating keypair
[15:39:01] [Server thread/INFO]: Starting Minecraft server on *:25565
[15:39:01] [Server thread/INFO]: Using default channel type
[15:39:06] [Server thread/INFO]: Preparing level "world"
[15:39:10] [Server thread/INFO]: Preparing start region for dimension minecraft:overworld
[15:39:10] [Worker-Main-8/INFO]: Preparing spawn area: 0%
[15:39:11] [Worker-Main-10/INFO]: Preparing spawn area: 0%
[15:39:11] [Worker-Main-12/INFO]: Preparing spawn area: 4%
[15:39:12] [Worker-Main-11/INFO]: Preparing spawn area: 9%
[15:39:12] [Worker-Main-13/INFO]: Preparing spawn area: 12%
[15:39:13] [Worker-Main-10/INFO]: Preparing spawn area: 19%
[15:39:13] [Worker-Main-11/INFO]: Preparing spawn area: 25%
[15:39:14] [Worker-Main-12/INFO]: Preparing spawn area: 31%
[15:39:14] [Worker-Main-12/INFO]: Preparing spawn area: 37%
[15:39:15] [Worker-Main-10/INFO]: Preparing spawn area: 44%
[15:39:15] [Worker-Main-14/INFO]: Preparing spawn area: 52%
[15:39:16] [Worker-Main-11/INFO]: Preparing spawn area: 60%
[15:39:16] [Worker-Main-11/INFO]: Preparing spawn area: 68%
[15:39:17] [Worker-Main-13/INFO]: Preparing spawn area: 75%
[15:39:17] [Worker-Main-13/INFO]: Preparing spawn area: 84%
[15:39:18] [Worker-Main-9/INFO]: Preparing spawn area: 92%
[15:39:18] [Server thread/INFO]: Time elapsed: 7922 ms
[15:39:18] [Server thread/INFO]: Done (11.983s)! For help, type "help"
[15:39:28] [Server thread/INFO]: Stopping the server
[15:39:28] [Server thread/INFO]: Stopping server
[15:39:28] [Server thread/INFO]: Saving players
[15:39:28] [Server thread/INFO]: Saving worlds
[15:39:28] [Server thread/INFO]: Saving chunks for level 'ServerLevel[world]'/minecraft:overworld
[15:39:28] [Server thread/INFO]: ThreadedAnvilChunkStorage (world): All chunks are saved
[15:39:28] [Server thread/INFO]: Saving chunks for level 'ServerLevel[world]'/minecraft:the_nether
[15:39:28] [Server thread/INFO]: ThreadedAnvilChunkStorage (DIM-1): All chunks are saved
[15:39:28] [Server thread/INFO]: Saving chunks for level 'ServerLevel[world]'/minecraft:the_end
[15:39:28] [Server thread/INFO]: ThreadedAnvilChunkStorage (DIM1): All chunks are saved
[15:39:28] [Server thread/INFO]: ThreadedAnvilChunkStorage (world): All chunks are saved
[15:39:28] [Server thread/INFO]: ThreadedAnvilChunkStorage (DIM-1): All chunks are saved
[15:39:28] [Server thread/INFO]: ThreadedAnvilChunkStorage (DIM1): All chunks are saved
